#
# There is insufficient memory for the Java Runtime Environment to continue.
# Native memory allocation (malloc) failed to allocate 1048576 bytes for AllocateHeap
# Possible reasons:
#   The system is out of physical RAM or swap space
#   The process is running with CompressedOops enabled, and the Java Heap may be blocking the growth of the native heap
# Possible solutions:
#   Reduce memory load on the system
#   Increase physical memory or swap space
#   Check if swap backing store is full
#   Decrease Java heap size (-Xmx/-Xms)
#   Decrease number of Java threads
#   Decrease Java thread stack sizes (-Xss)
#   Set larger code cache with -XX:ReservedCodeCacheSize=
#   JVM is running with Unscaled Compressed Oops mode in which the Java heap is
#     placed in the first 4GB address space. The Java Heap base address is the
#     maximum limit for the native heap growth. Please use -XX:HeapBaseMinAddress
#     to set the Java Heap base and to place the Java Heap above 4GB virtual address.
# This output file may be truncated or incomplete.
#
#  Out of Memory Error (memory/allocation.inline.hpp:61), pid=16520, tid=0x000000000000026c
#
# JRE version:  (8.0_301-b09) (build )
# Java VM: Java HotSpot(TM) 64-Bit Server VM (25.301-b09 mixed mode windows-amd64 compressed oops)
# Failed to write core dump. Minidumps are not enabled by default on client versions of Windows
#

---------------  T H R E A D  ---------------

Current thread (0x000001860eef1800):  JavaThread "Unknown thread" [_thread_in_vm, id=620, stack(0x00000066e3a00000,0x00000066e3b00000)]

Stack: [0x00000066e3a00000,0x00000066e3b00000]
Native frames: (J=compiled Java code, j=interpreted, Vv=VM code, C=native code)
V  [jvm.dll+0x32ed79]
V  [jvm.dll+0x275722]
V  [jvm.dll+0x2763cd]
V  [jvm.dll+0x26ce05]
V  [jvm.dll+0x509d]
V  [jvm.dll+0x3d3423]
V  [jvm.dll+0x3d3e38]
V  [jvm.dll+0xfcdcf]
V  [jvm.dll+0x20a0bb]
V  [jvm.dll+0x238ae7]
V  [jvm.dll+0x162876]
C  [java.exe+0x2312]
C  [java.exe+0x15f54]
C  [KERNEL32.DLL+0x154e0]
C  [ntdll.dll+0x485b]


---------------  P R O C E S S  ---------------

Java Threads: ( => current thread )

Other Threads:

=>0x000001860eef1800 (exited) JavaThread "Unknown thread" [_thread_in_vm, id=620, stack(0x00000066e3a00000,0x00000066e3b00000)]

VM state:not at safepoint (normal execution)

VM Mutex/Monitor currently owned by a thread: None

heap address: 0x0000000081400000, size: 2028 MB, Compressed Oops mode: 32-bit
Narrow klass base: 0x0000000000000000, Narrow klass shift: 3
Compressed class space size: 1073741824 Address: 0x0000000100000000

Heap:
 PSYoungGen      total 38400K, used 665K [0x00000000d5c00000, 0x00000000d8680000, 0x0000000100000000)
  eden space 33280K, 2% used [0x00000000d5c00000,0x00000000d5ca6670,0x00000000d7c80000)
  from space 5120K, 0% used [0x00000000d8180000,0x00000000d8180000,0x00000000d8680000)
  to   space 5120K, 0% used [0x00000000d7c80000,0x00000000d7c80000,0x00000000d8180000)
 ParOldGen       total 87552K, used 0K [0x0000000081400000, 0x0000000086980000, 0x00000000d5c00000)
  object space 87552K, 0% used [0x0000000081400000,0x0000000081400000,0x0000000086980000)
 Metaspace       used 778K, capacity 4480K, committed 4480K, reserved 1056768K
  class space    used 76K, capacity 384K, committed 384K, reserved 1048576K

Card table byte_map: [0x000001861fda0000,0x00000186201a0000] byte_map_base: 0x000001861f996000

Marking Bits: (ParMarkBitMap*) 0x000000005c4b7fe0
 Begin Bits: [0x0000018620450000, 0x0000018622400000)
 End Bits:   [0x0000018622400000, 0x00000186243b0000)

Polling page: 0x000001860f0d0000

CodeCache: size=245760Kb used=328Kb max_used=328Kb free=245431Kb
 bounds [0x00000186109e0000, 0x0000018610c50000, 0x000001861f9e0000]
 total_blobs=58 nmethods=0 adapters=38
 compilation: enabled

Compilation events (0 events):
No events

GC Heap History (0 events):
No events

Deoptimization events (0 events):
No events

Classes redefined (0 events):
No events

Internal exceptions (0 events):
No events

Events (10 events):
Event: 0.050 loading class java/lang/Short
Event: 0.050 loading class java/lang/Short done
Event: 0.050 loading class java/lang/Integer
Event: 0.051 loading class java/lang/Integer done
Event: 0.051 loading class java/lang/Long
Event: 0.051 loading class java/lang/Long done
Event: 0.052 loading class java/lang/NullPointerException
Event: 0.053 loading class java/lang/NullPointerException done
Event: 0.053 loading class java/lang/ArithmeticException
Event: 0.053 loading class java/lang/ArithmeticException done


Dynamic libraries:
0x00007ff649250000 - 0x00007ff649297000 	C:\Program Files\Java\jdk1.8.0_301\bin\java.exe
0x00007ff962180000 - 0x00007ff962389000 	C:\WINDOWS\SYSTEM32\ntdll.dll
0x00007ff961010000 - 0x00007ff9610cd000 	C:\WINDOWS\System32\KERNEL32.DLL
0x00007ff95fbf0000 - 0x00007ff95ff64000 	C:\WINDOWS\System32\KERNELBASE.dll
0x00007ff961e60000 - 0x00007ff961f0e000 	C:\WINDOWS\System32\ADVAPI32.dll
0x00007ff9603f0000 - 0x00007ff960493000 	C:\WINDOWS\System32\msvcrt.dll
0x00007ff9604a0000 - 0x00007ff96053e000 	C:\WINDOWS\System32\sechost.dll
0x00007ff961f90000 - 0x00007ff9620b0000 	C:\WINDOWS\System32\RPCRT4.dll
0x00007ff960550000 - 0x00007ff9606fc000 	C:\WINDOWS\System32\USER32.dll
0x00007ff95fff0000 - 0x00007ff960016000 	C:\WINDOWS\System32\win32u.dll
0x00007ff960020000 - 0x00007ff960049000 	C:\WINDOWS\System32\GDI32.dll
0x00007ff95fad0000 - 0x00007ff95fbe2000 	C:\WINDOWS\System32\gdi32full.dll
0x00007ff95f6e0000 - 0x00007ff95f77d000 	C:\WINDOWS\System32\msvcp_win.dll
0x00007ff95f780000 - 0x00007ff95f891000 	C:\WINDOWS\System32\ucrtbase.dll
0x00007ff95e850000 - 0x00007ff95eaf5000 	C:\WINDOWS\WinSxS\amd64_microsoft.windows.common-controls_6595b64144ccf1df_6.0.22000.120_none_9d947278b86cc467\COMCTL32.dll
0x00007ff9610d0000 - 0x00007ff961101000 	C:\WINDOWS\System32\IMM32.DLL
0x00007ff95db40000 - 0x00007ff95db55000 	C:\Program Files\Java\jdk1.8.0_301\jre\bin\vcruntime140.dll
0x00007ff9445b0000 - 0x00007ff94464b000 	C:\Program Files\Java\jdk1.8.0_301\jre\bin\msvcp140.dll
0x000000005bcd0000 - 0x000000005c530000 	C:\Program Files\Java\jdk1.8.0_301\jre\bin\server\jvm.dll
0x00007ff960540000 - 0x00007ff960548000 	C:\WINDOWS\System32\PSAPI.DLL
0x00007ff943ab0000 - 0x00007ff943ab9000 	C:\WINDOWS\SYSTEM32\WSOCK32.dll
0x00007ff958090000 - 0x00007ff9580c3000 	C:\WINDOWS\SYSTEM32\WINMM.dll
0x00007ff9615b0000 - 0x00007ff96161f000 	C:\WINDOWS\System32\WS2_32.dll
0x00007ff95bb60000 - 0x00007ff95bb6a000 	C:\WINDOWS\SYSTEM32\VERSION.dll
0x00007ff95e550000 - 0x00007ff95e568000 	C:\WINDOWS\SYSTEM32\kernel.appcore.dll
0x00007ff95e3a0000 - 0x00007ff95e3b0000 	C:\Program Files\Java\jdk1.8.0_301\jre\bin\verify.dll
0x00007ff947fa0000 - 0x00007ff947fcb000 	C:\Program Files\Java\jdk1.8.0_301\jre\bin\java.dll
0x00007ff946b30000 - 0x00007ff946b60000 	C:\Program Files\Java\jdk1.8.0_301\jre\bin\instrument.dll
0x00007ff95db20000 - 0x00007ff95db38000 	C:\Program Files\Java\jdk1.8.0_301\jre\bin\zip.dll
0x00007ff95efc0000 - 0x00007ff95f1e1000 	C:\WINDOWS\SYSTEM32\dbghelp.dll
0x00007ff95ff70000 - 0x00007ff95ffef000 	C:\WINDOWS\System32\bcryptPrimitives.dll

VM Arguments:
jvm_args: -ea -Didea.test.cyclic.buffer.size=1048576 -javaagent:C:\Program Files\JetBrains\IntelliJ IDEA Community Edition 2021.2.3\lib\idea_rt.jar=52995:C:\Program Files\JetBrains\IntelliJ IDEA Community Edition 2021.2.3\bin -Dfile.encoding=UTF-8 
java_command: com.intellij.rt.junit.JUnitStarter -ideVersion5 -junit4 put.Pet,updatePetTest
java_class_path (initial): C:\Program Files\JetBrains\IntelliJ IDEA Community Edition 2021.2.3\lib\idea_rt.jar;C:\Program Files\JetBrains\IntelliJ IDEA Community Edition 2021.2.3\plugins\junit\lib\junit5-rt.jar;C:\Program Files\JetBrains\IntelliJ IDEA Community Edition 2021.2.3\plugins\junit\lib\junit-rt.jar;C:\Program Files\Java\jdk1.8.0_301\jre\lib\charsets.jar;C:\Program Files\Java\jdk1.8.0_301\jre\lib\deploy.jar;C:\Program Files\Java\jdk1.8.0_301\jre\lib\ext\access-bridge-64.jar;C:\Program Files\Java\jdk1.8.0_301\jre\lib\ext\cldrdata.jar;C:\Program Files\Java\jdk1.8.0_301\jre\lib\ext\dnsns.jar;C:\Program Files\Java\jdk1.8.0_301\jre\lib\ext\jaccess.jar;C:\Program Files\Java\jdk1.8.0_301\jre\lib\ext\jfxrt.jar;C:\Program Files\Java\jdk1.8.0_301\jre\lib\ext\localedata.jar;C:\Program Files\Java\jdk1.8.0_301\jre\lib\ext\nashorn.jar;C:\Program Files\Java\jdk1.8.0_301\jre\lib\ext\sunec.jar;C:\Program Files\Java\jdk1.8.0_301\jre\lib\ext\sunjce_provider.jar;C:\Program Files\Java\jdk1.8.0_301\jre\lib\ext\sunmscapi.jar;C:\Program Files\Java\jdk1.8.0_301\jre\lib\ext\sunpkcs11.jar;C:\Program Files\Java\jdk1.8.0_301\jre\lib\ext\zipfs.jar;C:\Program Files\Java\jdk1.8.0_301\jre\lib\javaws.jar;C:\Program Files\Java\jdk1.8.0_301\jre\lib\jce.jar;C:\Program Files\Java\jdk1.8.0_301\jre\lib\jfr.jar;C:\Program Files\Java\jdk1.8.0_301\jre\lib\jfxswt.jar;C:\Program Files\Java\jdk1.8.0_301\jre\lib\jsse.jar;C:\Program Files\Java\jdk1.8.0_301\jre\lib\management-agent.jar;C:\Program Files\Java\jdk1.8.0_301\jre\lib\plugin.jar;C:\Program Files\Java\jdk1.8.0_301\jre\lib\resources.jar;C:\Program Files\Java\jdk1.8.0_301\jre\lib\rt.jar;C:\Users\moham\APIB11\target\test-classes;C:\Users\moham\.m2\repository\junit\junit\4.13.1\junit-4.13.1.jar;C:\Users\moham\.m2\repository\org\hamcrest\hamcrest-core\1.3\hamcrest-core-1.3.jar;C:\Users\moham\.m2\repository\io\cucumber\cucumber-java\7.2.3\cucumber-java-7.2.3.jar;C:\Users\moham\.m2\repository\io\cucumber\cucumber-core\7.2.3\cucumber-core-7.2.3.jar;C:\
Launcher Type: SUN_STANDARD

Environment Variables:
PATH=C:\Program Files (x86)\Common Files\Oracle\Java\javapath;C:\Program Files (x86)\Common Files\Intel\Shared Libraries\redist\intel64\compiler;C:\Windows\system32;C:\Windows;C:\Windows\System32\Wbem;C:\Windows\System32\WindowsPowerShell\v1.0\;C:\Windows\System32\OpenSSH\;C:\Program Files\NVIDIA Corporation\NVIDIA NvDLISR;C:\Program Files (x86)\NVIDIA Corporation\PhysX\Common;C:\Program Files\Java\jdk1.8.0_301\bin;C:\Program Files\Git\cmd;C:\WINDOWS\system32;C:\WINDOWS;C:\WINDOWS\System32\Wbem;C:\WINDOWS\System32\WindowsPowerShell\v1.0\;C:\WINDOWS\System32\OpenSSH\;C:\Users\moham\AppData\Local\Microsoft\WindowsApps;
USERNAME=moham
OS=Windows_NT
PROCESSOR_IDENTIFIER=Intel64 Family 6 Model 142 Stepping 10, GenuineIntel



---------------  S Y S T E M  ---------------

OS: Windows 10.0 , 64 bit Build 22000 (10.0.22000.613)

CPU:total 8 (initial active 8) (4 cores per cpu, 2 threads per core) family 6 model 142 stepping 10, cmov, cx8, fxsr, mmx, sse, sse2, sse3, ssse3, sse4.1, sse4.2, popcnt, avx, avx2, aes, clmul, erms, rtm, 3dnowpref, lzcnt, ht, tsc, tscinvbit, bmi1, bmi2, adx

Memory: 4k page, physical 8303628k(819620k free), swap 23968456k(2480k free)

vm_info: Java HotSpot(TM) 64-Bit Server VM (25.301-b09) for windows-amd64 JRE (1.8.0_301-b09), built on Jun  9 2021 06:46:21 by "java_re" with MS VC++ 15.9 (VS2017)

time: Wed May 11 16:05:44 2022
timezone: Eastern Daylight Time
elapsed time: 0.093762 seconds (0d 0h 0m 0s)

